<?xml version="1.0" encoding="UTF-8"?>
<testsuite xmlns:xsi="http://www.w3.org/2001/XMLSchema-instance" xsi:noNamespaceSchemaLocation="https://maven.apache.org/surefire/maven-surefire-plugin/xsd/surefire-test-report-3.0.xsd" version="3.0" name="com.example.client.HuntedPazzlClientTest" time="0.678" tests="1" errors="1" skipped="0" failures="0">
  <properties>
[...]
</properties>
  <testcase name="testButtonClick" classname="com.example.client.HuntedPazzlClientTest" time="0.589">
    <error message="java.lang.IllegalAccessError: class org.testfx.toolkit.impl.ToolkitServiceImpl (in unnamed module @0x5d654724) cannot access class com.sun.javafx.application.ParametersImpl (in module javafx.graphics) because module javafx.graphics does not export com.sun.javafx.application to unnamed module @0x5d654724" type="java.lang.RuntimeException"><![CDATA[java.lang.RuntimeException: java.lang.IllegalAccessError: class org.testfx.toolkit.impl.ToolkitServiceImpl (in unnamed module @0x5d654724) cannot access class com.sun.javafx.application.ParametersImpl (in module javafx.graphics) because module javafx.graphics does not export com.sun.javafx.application to unnamed module @0x5d654724
	at org.testfx.util.WaitForAsyncUtils.waitFor(WaitForAsyncUtils.java:302)
	at org.testfx.api.FxToolkit.waitForSetup(FxToolkit.java:245)
	at org.testfx.api.FxToolkit.setupApplication(FxToolkit.java:153)
	at org.testfx.framework.junit.ApplicationTest.internalBefore(ApplicationTest.java:86)
	at java.base/jdk.internal.reflect.NativeMethodAccessorImpl.invoke0(Native Method)
	at java.base/jdk.internal.reflect.NativeMethodAccessorImpl.invoke(NativeMethodAccessorImpl.java:64)
	at java.base/jdk.internal.reflect.DelegatingMethodAccessorImpl.invoke(DelegatingMethodAccessorImpl.java:43)
	at java.base/java.lang.reflect.Method.invoke(Method.java:564)
	at org.junit.runners.model.FrameworkMethod$1.runReflectiveCall(FrameworkMethod.java:47)
	at org.junit.internal.runners.model.ReflectiveCallable.run(ReflectiveCallable.java:12)
	at org.junit.runners.model.FrameworkMethod.invokeExplosively(FrameworkMethod.java:44)
	at org.junit.internal.runners.statements.RunBefores.evaluate(RunBefores.java:24)
	at org.junit.internal.runners.statements.RunAfters.evaluate(RunAfters.java:27)
	at org.junit.runners.ParentRunner.runLeaf(ParentRunner.java:271)
	at org.junit.runners.BlockJUnit4ClassRunner.runChild(BlockJUnit4ClassRunner.java:70)
	at org.junit.runners.BlockJUnit4ClassRunner.runChild(BlockJUnit4ClassRunner.java:50)
	at org.junit.runners.ParentRunner$3.run(ParentRunner.java:238)
	at org.junit.runners.ParentRunner$1.schedule(ParentRunner.java:63)
	at org.junit.runners.ParentRunner.runChildren(ParentRunner.java:236)
	at org.junit.runners.ParentRunner.access$000(ParentRunner.java:53)
	at org.junit.runners.ParentRunner$2.evaluate(ParentRunner.java:229)
	at org.junit.runners.ParentRunner.run(ParentRunner.java:309)
	at org.apache.maven.surefire.junit4.JUnit4Provider.execute(JUnit4Provider.java:316)
	at org.apache.maven.surefire.junit4.JUnit4Provider.executeWithRerun(JUnit4Provider.java:240)
	at org.apache.maven.surefire.junit4.JUnit4Provider.executeTestSet(JUnit4Provider.java:214)
	at org.apache.maven.surefire.junit4.JUnit4Provider.invoke(JUnit4Provider.java:155)
	at org.apache.maven.surefire.booter.ForkedBooter.runSuitesInProcess(ForkedBooter.java:385)
	at org.apache.maven.surefire.booter.ForkedBooter.execute(ForkedBooter.java:162)
	at org.apache.maven.surefire.booter.ForkedBooter.run(ForkedBooter.java:507)
	at org.apache.maven.surefire.booter.ForkedBooter.main(ForkedBooter.java:495)
Caused by: java.lang.IllegalAccessError: class org.testfx.toolkit.impl.ToolkitServiceImpl (in unnamed module @0x5d654724) cannot access class com.sun.javafx.application.ParametersImpl (in module javafx.graphics) because module javafx.graphics does not export com.sun.javafx.application to unnamed module @0x5d654724
	at org.testfx.toolkit.impl.ToolkitServiceImpl.registerApplicationParameters(ToolkitServiceImpl.java:142)
	at org.testfx.toolkit.impl.ToolkitServiceImpl.lambda$setupApplication$6(ToolkitServiceImpl.java:125)
	at java.base/java.util.concurrent.FutureTask.run(FutureTask.java:264)
	at java.base/java.util.concurrent.Executors$RunnableAdapter.call(Executors.java:515)
	at java.base/java.util.concurrent.FutureTask.run(FutureTask.java:264)
	at java.base/java.util.concurrent.ThreadPoolExecutor.runWorker(ThreadPoolExecutor.java:1130)
	at java.base/java.util.concurrent.ThreadPoolExecutor$Worker.run(ThreadPoolExecutor.java:630)
	at java.base/java.lang.Thread.run(Thread.java:832)
]]></error>
    <system-err><![CDATA[--- Exception in Async Thread ---
java.lang.IllegalAccessError: class org.testfx.toolkit.impl.ToolkitServiceImpl (in unnamed module @0x5d654724) cannot access class com.sun.javafx.application.ParametersImpl (in module javafx.graphics) because module javafx.graphics does not export com.sun.javafx.application to unnamed module @0x5d654724
	org.testfx.toolkit.impl.ToolkitServiceImpl.registerApplicationParameters(ToolkitServiceImpl.java:142)
	org.testfx.toolkit.impl.ToolkitServiceImpl.lambda$setupApplication$6(ToolkitServiceImpl.java:125)
	java.base/java.util.concurrent.FutureTask.run(FutureTask.java:264)
	java.base/java.util.concurrent.Executors$RunnableAdapter.call(Executors.java:515)
	java.base/java.util.concurrent.FutureTask.run(FutureTask.java:264)
	java.base/java.util.concurrent.ThreadPoolExecutor.runWorker(ThreadPoolExecutor.java:1130)
	java.base/java.util.concurrent.ThreadPoolExecutor$Worker.run(ThreadPoolExecutor.java:630)
	java.base/java.lang.Thread.run(Thread.java:832)
--- Trace of caller of unhandled exception in Async Thread ---
	java.base/java.lang.Thread.getStackTrace(Thread.java:1598)
	org.testfx.util.WaitForAsyncUtils$ASyncFXCallable.<init>(WaitForAsyncUtils.java:650)
	org.testfx.util.WaitForAsyncUtils.async(WaitForAsyncUtils.java:193)
	org.testfx.toolkit.impl.ToolkitServiceImpl.setupApplication(ToolkitServiceImpl.java:123)
	org.testfx.api.FxToolkit.setupApplication(FxToolkit.java:153)
	org.testfx.framework.junit.ApplicationTest.internalBefore(ApplicationTest.java:86)
	java.base/jdk.internal.reflect.NativeMethodAccessorImpl.invoke0(Native Method)
	java.base/jdk.internal.reflect.NativeMethodAccessorImpl.invoke(NativeMethodAccessorImpl.java:64)
	java.base/jdk.internal.reflect.DelegatingMethodAccessorImpl.invoke(DelegatingMethodAccessorImpl.java:43)
	java.base/java.lang.reflect.Method.invoke(Method.java:564)
	org.junit.runners.model.FrameworkMethod$1.runReflectiveCall(FrameworkMethod.java:47)
	org.junit.internal.runners.model.ReflectiveCallable.run(ReflectiveCallable.java:12)
	org.junit.runners.model.FrameworkMethod.invokeExplosively(FrameworkMethod.java:44)
	org.junit.internal.runners.statements.RunBefores.evaluate(RunBefores.java:24)
	org.junit.internal.runners.statements.RunAfters.evaluate(RunAfters.java:27)
	org.junit.runners.ParentRunner.runLeaf(ParentRunner.java:271)
	org.junit.runners.BlockJUnit4ClassRunner.runChild(BlockJUnit4ClassRunner.java:70)
	org.junit.runners.BlockJUnit4ClassRunner.runChild(BlockJUnit4ClassRunner.java:50)
	org.junit.runners.ParentRunner$3.run(ParentRunner.java:238)
	org.junit.runners.ParentRunner$1.schedule(ParentRunner.java:63)
	org.junit.runners.ParentRunner.runChildren(ParentRunner.java:236)
	org.junit.runners.ParentRunner.access$000(ParentRunner.java:53)
	org.junit.runners.ParentRunner$2.evaluate(ParentRunner.java:229)
	org.junit.runners.ParentRunner.run(ParentRunner.java:309)
	org.apache.maven.surefire.junit4.JUnit4Provider.execute(JUnit4Provider.java:316)
	org.apache.maven.surefire.junit4.JUnit4Provider.executeWithRerun(JUnit4Provider.java:240)
	org.apache.maven.surefire.junit4.JUnit4Provider.executeTestSet(JUnit4Provider.java:214)
	org.apache.maven.surefire.junit4.JUnit4Provider.invoke(JUnit4Provider.java:155)
	org.apache.maven.surefire.booter.ForkedBooter.runSuitesInProcess(ForkedBooter.java:385)
	org.apache.maven.surefire.booter.ForkedBooter.execute(ForkedBooter.java:162)
	org.apache.maven.surefire.booter.ForkedBooter.run(ForkedBooter.java:507)
	org.apache.maven.surefire.booter.ForkedBooter.main(ForkedBooter.java:495)

]]></system-err>
  </testcase>
</testsuite>